<?xml version="1.0" encoding="UTF-8"?>
<coverage generated="1545356547498" clover="3.2.0">
  <project timestamp="1545356547498" name="All files">
    <metrics statements="102" coveredstatements="85" conditionals="35" coveredconditionals="28" methods="54" coveredmethods="45" elements="191" coveredelements="158" complexity="0" loc="102" ncloc="102" packages="2" files="6" classes="6">
      <package name="src">
        <metrics statements="39" coveredstatements="28" conditionals="14" coveredconditionals="7" methods="16" coveredmethods="13"/>
        <file name="App.js" path="/home/hugo/Documents/workspaces/react/nanodegree/reactnd-project-myreads-starter/src/App.js">
          <metrics statements="39" coveredstatements="28" conditionals="14" coveredconditionals="7" methods="16" coveredmethods="13"/>
          <line num="17" count="6" type="stmt"/>
          <line num="18" count="6" type="stmt"/>
          <line num="20" count="0" type="stmt"/>
          <line num="21" count="0" type="stmt"/>
          <line num="27" count="1" type="cond" truecount="1" falsecount="1"/>
          <line num="28" count="0" type="stmt"/>
          <line num="29" count="0" type="stmt"/>
          <line num="32" count="1" type="stmt"/>
          <line num="34" count="1" type="cond" truecount="1" falsecount="1"/>
          <line num="35" count="1" type="stmt"/>
          <line num="37" count="1" type="stmt"/>
          <line num="39" count="0" type="stmt"/>
          <line num="46" count="2" type="stmt"/>
          <line num="48" count="2" type="stmt"/>
          <line num="50" count="2" type="stmt"/>
          <line num="51" count="2" type="stmt"/>
          <line num="54" count="2" type="stmt"/>
          <line num="56" count="2" type="stmt"/>
          <line num="60" count="2" type="cond" truecount="1" falsecount="1"/>
          <line num="61" count="0" type="stmt"/>
          <line num="62" count="0" type="stmt"/>
          <line num="66" count="2" type="cond" truecount="1" falsecount="1"/>
          <line num="67" count="2" type="cond" truecount="2" falsecount="0"/>
          <line num="68" count="1" type="stmt"/>
          <line num="70" count="1" type="stmt"/>
          <line num="74" count="0" type="cond" truecount="0" falsecount="2"/>
          <line num="75" count="0" type="stmt"/>
          <line num="78" count="2" type="stmt"/>
          <line num="87" count="2" type="stmt"/>
          <line num="89" count="2" type="stmt"/>
          <line num="90" count="2" type="stmt"/>
          <line num="92" count="2" type="cond" truecount="1" falsecount="1"/>
          <line num="93" count="0" type="stmt"/>
          <line num="96" count="2" type="stmt"/>
          <line num="99" count="2" type="stmt"/>
          <line num="104" count="18" type="stmt"/>
          <line num="106" count="18" type="stmt"/>
          <line num="112" count="0" type="stmt"/>
          <line num="127" count="2" type="stmt"/>
        </file>
      </package>
      <package name="src.components">
        <metrics statements="63" coveredstatements="57" conditionals="21" coveredconditionals="21" methods="38" coveredmethods="32"/>
        <file name="Book.js" path="/home/hugo/Documents/workspaces/react/nanodegree/reactnd-project-myreads-starter/src/components/Book.js">
          <metrics statements="12" coveredstatements="11" conditionals="8" coveredconditionals="8" methods="8" coveredmethods="7"/>
          <line num="12" count="1" type="stmt"/>
          <line num="14" count="1" type="stmt"/>
          <line num="16" count="1" type="stmt"/>
          <line num="18" count="0" type="stmt"/>
          <line num="20" count="1" type="stmt"/>
          <line num="24" count="12" type="stmt"/>
          <line num="28" count="12" type="stmt"/>
          <line num="30" count="12" type="stmt"/>
          <line num="37" count="1" type="stmt"/>
          <line num="59" count="1" type="stmt"/>
          <line num="72" count="12" type="stmt"/>
          <line num="80" count="1" type="stmt"/>
        </file>
        <file name="BookList.js" path="/home/hugo/Documents/workspaces/react/nanodegree/reactnd-project-myreads-starter/src/components/BookList.js">
          <metrics statements="17" coveredstatements="16" conditionals="4" coveredconditionals="4" methods="9" coveredmethods="8"/>
          <line num="23" count="2" type="stmt"/>
          <line num="24" count="2" type="stmt"/>
          <line num="25" count="2" type="stmt"/>
          <line num="27" count="2" type="cond" truecount="2" falsecount="0"/>
          <line num="28" count="1" type="stmt"/>
          <line num="29" count="1" type="stmt"/>
          <line num="33" count="1" type="stmt"/>
          <line num="38" count="1" type="stmt"/>
          <line num="46" count="8" type="stmt"/>
          <line num="47" count="8" type="stmt"/>
          <line num="49" count="8" type="cond" truecount="2" falsecount="0"/>
          <line num="50" count="1" type="stmt"/>
          <line num="53" count="7" type="stmt"/>
          <line num="62" count="0" type="stmt"/>
          <line num="69" count="7" type="stmt"/>
          <line num="76" count="7" type="stmt"/>
          <line num="83" count="7" type="stmt"/>
        </file>
        <file name="BookSearch.js" path="/home/hugo/Documents/workspaces/react/nanodegree/reactnd-project-myreads-starter/src/components/BookSearch.js">
          <metrics statements="22" coveredstatements="19" conditionals="9" coveredconditionals="9" methods="13" coveredmethods="10"/>
          <line num="25" count="0" type="stmt"/>
          <line num="29" count="1" type="stmt"/>
          <line num="31" count="1" type="stmt"/>
          <line num="32" count="1" type="stmt"/>
          <line num="36" count="2" type="stmt"/>
          <line num="37" count="2" type="stmt"/>
          <line num="38" count="2" type="stmt"/>
          <line num="40" count="2" type="cond" truecount="2" falsecount="0"/>
          <line num="41" count="1" type="stmt"/>
          <line num="42" count="1" type="stmt"/>
          <line num="46" count="1" type="stmt"/>
          <line num="51" count="7" type="stmt"/>
          <line num="52" count="7" type="stmt"/>
          <line num="54" count="7" type="stmt"/>
          <line num="60" count="0" type="stmt"/>
          <line num="66" count="5" type="stmt"/>
          <line num="71" count="2" type="stmt"/>
          <line num="81" count="1" type="stmt"/>
          <line num="90" count="8" type="stmt"/>
          <line num="91" count="8" type="stmt"/>
          <line num="93" count="8" type="stmt"/>
          <line num="115" count="0" type="stmt"/>
        </file>
        <file name="BookShelf.js" path="/home/hugo/Documents/workspaces/react/nanodegree/reactnd-project-myreads-starter/src/components/BookShelf.js">
          <metrics statements="4" coveredstatements="4" conditionals="0" coveredconditionals="0" methods="3" coveredmethods="3"/>
          <line num="8" count="8" type="stmt"/>
          <line num="16" count="4" type="stmt"/>
          <line num="21" count="1" type="stmt"/>
          <line num="31" count="1" type="stmt"/>
        </file>
        <file name="MassActionSelect.js" path="/home/hugo/Documents/workspaces/react/nanodegree/reactnd-project-myreads-starter/src/components/MassActionSelect.js">
          <metrics statements="8" coveredstatements="7" conditionals="0" coveredconditionals="0" methods="5" coveredmethods="4"/>
          <line num="19" count="1" type="stmt"/>
          <line num="20" count="1" type="stmt"/>
          <line num="22" count="1" type="stmt"/>
          <line num="24" count="1" type="stmt"/>
          <line num="25" count="1" type="stmt"/>
          <line num="28" count="0" type="stmt"/>
          <line num="34" count="8" type="stmt"/>
          <line num="36" count="8" type="stmt"/>
        </file>
      </package>
    </metrics>
  </project>
</coverage>
