{"/home/hugo/Documents/workspaces/react/nanodegree/reactnd-project-myreads-starter/src/App.js": {"path":"/home/hugo/Documents/workspaces/react/nanodegree/reactnd-project-myreads-starter/src/App.js","statementMap":{"0":{"start":{"line":17,"column":4},"end":{"line":22,"column":9}},"1":{"start":{"line":18,"column":23},"end":{"line":18,"column":68}},"2":{"start":{"line":20,"column":8},"end":{"line":20,"column":79}},"3":{"start":{"line":21,"column":8},"end":{"line":21,"column":47}},"4":{"start":{"line":27,"column":4},"end":{"line":30,"column":5}},"5":{"start":{"line":28,"column":6},"end":{"line":28,"column":43}},"6":{"start":{"line":29,"column":6},"end":{"line":29,"column":31}},"7":{"start":{"line":32,"column":4},"end":{"line":41,"column":9}},"8":{"start":{"line":34,"column":8},"end":{"line":40,"column":9}},"9":{"start":{"line":35,"column":31},"end":{"line":35,"column":81}},"10":{"start":{"line":37,"column":10},"end":{"line":37,"column":58}},"11":{"start":{"line":39,"column":10},"end":{"line":39,"column":47}},"12":{"start":{"line":46,"column":4},"end":{"line":80,"column":8}},"13":{"start":{"line":48,"column":8},"end":{"line":79,"column":11}},"14":{"start":{"line":50,"column":24},"end":{"line":50,"column":46}},"15":{"start":{"line":51,"column":32},"end":{"line":51,"column":62}},"16":{"start":{"line":54,"column":28},"end":{"line":54,"column":66}},"17":{"start":{"line":54,"column":49},"end":{"line":54,"column":65}},"18":{"start":{"line":56,"column":34},"end":{"line":56,"column":36}},"19":{"start":{"line":60,"column":10},"end":{"line":63,"column":11}},"20":{"start":{"line":61,"column":12},"end":{"line":61,"column":79}},"21":{"start":{"line":61,"column":61},"end":{"line":61,"column":77}},"22":{"start":{"line":62,"column":12},"end":{"line":62,"column":62}},"23":{"start":{"line":66,"column":10},"end":{"line":76,"column":11}},"24":{"start":{"line":67,"column":12},"end":{"line":71,"column":13}},"25":{"start":{"line":68,"column":14},"end":{"line":68,"column":41}},"26":{"start":{"line":70,"column":14},"end":{"line":70,"column":48}},"27":{"start":{"line":74,"column":15},"end":{"line":76,"column":11}},"28":{"start":{"line":75,"column":12},"end":{"line":75,"column":52}},"29":{"start":{"line":78,"column":10},"end":{"line":78,"column":42}},"30":{"start":{"line":87,"column":22},"end":{"line":87,"column":32}},"31":{"start":{"line":89,"column":25},"end":{"line":97,"column":6}},"32":{"start":{"line":90,"column":19},"end":{"line":90,"column":60}},"33":{"start":{"line":90,"column":35},"end":{"line":90,"column":59}},"34":{"start":{"line":92,"column":6},"end":{"line":94,"column":7}},"35":{"start":{"line":93,"column":8},"end":{"line":93,"column":28}},"36":{"start":{"line":96,"column":6},"end":{"line":96,"column":51}},"37":{"start":{"line":99,"column":4},"end":{"line":99,"column":24}},"38":{"start":{"line":104,"column":66},"end":{"line":104,"column":76}},"39":{"start":{"line":106,"column":4},"end":{"line":139,"column":5}},"40":{"start":{"line":112,"column":12},"end":{"line":120,"column":13}},"41":{"start":{"line":127,"column":12},"end":{"line":135,"column":13}}},"fnMap":{"0":{"name":"(anonymous_0)","decl":{"start":{"line":16,"column":2},"end":{"line":16,"column":3}},"loc":{"start":{"line":16,"column":22},"end":{"line":23,"column":3}},"line":16},"1":{"name":"(anonymous_1)","decl":{"start":{"line":18,"column":12},"end":{"line":18,"column":13}},"loc":{"start":{"line":18,"column":23},"end":{"line":18,"column":68}},"line":18},"2":{"name":"(anonymous_2)","decl":{"start":{"line":19,"column":13},"end":{"line":19,"column":14}},"loc":{"start":{"line":19,"column":19},"end":{"line":22,"column":7}},"line":19},"3":{"name":"(anonymous_3)","decl":{"start":{"line":25,"column":18},"end":{"line":25,"column":19}},"loc":{"start":{"line":25,"column":29},"end":{"line":42,"column":3}},"line":25},"4":{"name":"(anonymous_4)","decl":{"start":{"line":33,"column":12},"end":{"line":33,"column":13}},"loc":{"start":{"line":33,"column":31},"end":{"line":41,"column":7}},"line":33},"5":{"name":"(anonymous_5)","decl":{"start":{"line":44,"column":22},"end":{"line":44,"column":23}},"loc":{"start":{"line":44,"column":42},"end":{"line":81,"column":3}},"line":44},"6":{"name":"(anonymous_6)","decl":{"start":{"line":47,"column":12},"end":{"line":47,"column":13}},"loc":{"start":{"line":47,"column":18},"end":{"line":80,"column":7}},"line":47},"7":{"name":"(anonymous_7)","decl":{"start":{"line":48,"column":22},"end":{"line":48,"column":23}},"loc":{"start":{"line":48,"column":37},"end":{"line":79,"column":9}},"line":48},"8":{"name":"(anonymous_8)","decl":{"start":{"line":54,"column":44},"end":{"line":54,"column":45}},"loc":{"start":{"line":54,"column":49},"end":{"line":54,"column":65}},"line":54},"9":{"name":"(anonymous_9)","decl":{"start":{"line":61,"column":56},"end":{"line":61,"column":57}},"loc":{"start":{"line":61,"column":61},"end":{"line":61,"column":77}},"line":61},"10":{"name":"(anonymous_10)","decl":{"start":{"line":83,"column":35},"end":{"line":83,"column":36}},"loc":{"start":{"line":83,"column":54},"end":{"line":100,"column":3}},"line":83},"11":{"name":"(anonymous_11)","decl":{"start":{"line":89,"column":43},"end":{"line":89,"column":44}},"loc":{"start":{"line":89,"column":59},"end":{"line":97,"column":5}},"line":89},"12":{"name":"(anonymous_12)","decl":{"start":{"line":90,"column":30},"end":{"line":90,"column":31}},"loc":{"start":{"line":90,"column":35},"end":{"line":90,"column":59}},"line":90},"13":{"name":"(anonymous_13)","decl":{"start":{"line":102,"column":2},"end":{"line":102,"column":3}},"loc":{"start":{"line":102,"column":11},"end":{"line":140,"column":3}},"line":102},"14":{"name":"(anonymous_14)","decl":{"start":{"line":111,"column":18},"end":{"line":111,"column":19}},"loc":{"start":{"line":111,"column":24},"end":{"line":121,"column":11}},"line":111},"15":{"name":"(anonymous_15)","decl":{"start":{"line":126,"column":18},"end":{"line":126,"column":19}},"loc":{"start":{"line":126,"column":24},"end":{"line":136,"column":11}},"line":126}},"branchMap":{"0":{"loc":{"start":{"line":27,"column":4},"end":{"line":30,"column":5}},"type":"if","locations":[{"start":{"line":27,"column":4},"end":{"line":30,"column":5}},{"start":{"line":27,"column":4},"end":{"line":30,"column":5}}],"line":27},"1":{"loc":{"start":{"line":34,"column":8},"end":{"line":40,"column":9}},"type":"if","locations":[{"start":{"line":34,"column":8},"end":{"line":40,"column":9}},{"start":{"line":34,"column":8},"end":{"line":40,"column":9}}],"line":34},"2":{"loc":{"start":{"line":60,"column":10},"end":{"line":63,"column":11}},"type":"if","locations":[{"start":{"line":60,"column":10},"end":{"line":63,"column":11}},{"start":{"line":60,"column":10},"end":{"line":63,"column":11}}],"line":60},"3":{"loc":{"start":{"line":66,"column":10},"end":{"line":76,"column":11}},"type":"if","locations":[{"start":{"line":66,"column":10},"end":{"line":76,"column":11}},{"start":{"line":66,"column":10},"end":{"line":76,"column":11}}],"line":66},"4":{"loc":{"start":{"line":67,"column":12},"end":{"line":71,"column":13}},"type":"if","locations":[{"start":{"line":67,"column":12},"end":{"line":71,"column":13}},{"start":{"line":67,"column":12},"end":{"line":71,"column":13}}],"line":67},"5":{"loc":{"start":{"line":74,"column":15},"end":{"line":76,"column":11}},"type":"if","locations":[{"start":{"line":74,"column":15},"end":{"line":76,"column":11}},{"start":{"line":74,"column":15},"end":{"line":76,"column":11}}],"line":74},"6":{"loc":{"start":{"line":92,"column":6},"end":{"line":94,"column":7}},"type":"if","locations":[{"start":{"line":92,"column":6},"end":{"line":94,"column":7}},{"start":{"line":92,"column":6},"end":{"line":94,"column":7}}],"line":92}},"s":{"0":2,"1":0,"2":0,"3":0,"4":0,"5":0,"6":0,"7":0,"8":0,"9":0,"10":0,"11":0,"12":0,"13":0,"14":0,"15":0,"16":0,"17":0,"18":0,"19":0,"20":0,"21":0,"22":0,"23":0,"24":0,"25":0,"26":0,"27":0,"28":0,"29":0,"30":0,"31":0,"32":0,"33":0,"34":0,"35":0,"36":0,"37":0,"38":2,"39":2,"40":0,"41":1},"f":{"0":2,"1":0,"2":0,"3":0,"4":0,"5":0,"6":0,"7":0,"8":0,"9":0,"10":0,"11":0,"12":0,"13":2,"14":0,"15":1},"b":{"0":[0,0],"1":[0,0],"2":[0,0],"3":[0,0],"4":[0,0],"5":[0,0],"6":[0,0]},"_coverageSchema":"332fd63041d2c1bcb487cc26dd0d5f7d97098a6c","hash":"3a49f76e35e280c118a6f088a16fd87410a4d9cd"}
,"/home/hugo/Documents/workspaces/react/nanodegree/reactnd-project-myreads-starter/src/components/Book.js": {"path":"/home/hugo/Documents/workspaces/react/nanodegree/reactnd-project-myreads-starter/src/components/Book.js","statementMap":{"0":{"start":{"line":12,"column":4},"end":{"line":12,"column":36}},"1":{"start":{"line":14,"column":4},"end":{"line":20,"column":56}},"2":{"start":{"line":16,"column":8},"end":{"line":16,"column":77}},"3":{"start":{"line":18,"column":8},"end":{"line":18,"column":79}},"4":{"start":{"line":20,"column":21},"end":{"line":20,"column":54}},"5":{"start":{"line":24,"column":45},"end":{"line":24,"column":55}},"6":{"start":{"line":28,"column":8},"end":{"line":28,"column":12}},"7":{"start":{"line":30,"column":4},"end":{"line":76,"column":6}},"8":{"start":{"line":37,"column":30},"end":{"line":37,"column":48}},"9":{"start":{"line":59,"column":35},"end":{"line":59,"column":83}},"10":{"start":{"line":72,"column":25},"end":{"line":72,"column":78}},"11":{"start":{"line":80,"column":0},"end":{"line":92,"column":2}}},"fnMap":{"0":{"name":"(anonymous_0)","decl":{"start":{"line":11,"column":22},"end":{"line":11,"column":23}},"loc":{"start":{"line":11,"column":39},"end":{"line":21,"column":3}},"line":11},"1":{"name":"(anonymous_1)","decl":{"start":{"line":15,"column":12},"end":{"line":15,"column":13}},"loc":{"start":{"line":15,"column":18},"end":{"line":17,"column":7}},"line":15},"2":{"name":"(anonymous_2)","decl":{"start":{"line":17,"column":15},"end":{"line":17,"column":16}},"loc":{"start":{"line":17,"column":21},"end":{"line":19,"column":7}},"line":17},"3":{"name":"(anonymous_3)","decl":{"start":{"line":20,"column":15},"end":{"line":20,"column":16}},"loc":{"start":{"line":20,"column":21},"end":{"line":20,"column":54}},"line":20},"4":{"name":"(anonymous_4)","decl":{"start":{"line":23,"column":2},"end":{"line":23,"column":3}},"loc":{"start":{"line":23,"column":11},"end":{"line":77,"column":3}},"line":23},"5":{"name":"(anonymous_5)","decl":{"start":{"line":37,"column":24},"end":{"line":37,"column":25}},"loc":{"start":{"line":37,"column":30},"end":{"line":37,"column":48}},"line":37},"6":{"name":"(anonymous_6)","decl":{"start":{"line":59,"column":26},"end":{"line":59,"column":27}},"loc":{"start":{"line":59,"column":35},"end":{"line":59,"column":83}},"line":59},"7":{"name":"(anonymous_7)","decl":{"start":{"line":72,"column":17},"end":{"line":72,"column":18}},"loc":{"start":{"line":72,"column":25},"end":{"line":72,"column":78}},"line":72}},"branchMap":{"0":{"loc":{"start":{"line":50,"column":24},"end":{"line":52,"column":22}},"type":"cond-expr","locations":[{"start":{"line":51,"column":20},"end":{"line":51,"column":45}},{"start":{"line":52,"column":20},"end":{"line":52,"column":22}}],"line":50},"1":{"loc":{"start":{"line":50,"column":25},"end":{"line":50,"column":64}},"type":"binary-expr","locations":[{"start":{"line":50,"column":25},"end":{"line":50,"column":35}},{"start":{"line":50,"column":39},"end":{"line":50,"column":64}}],"line":50},"2":{"loc":{"start":{"line":58,"column":23},"end":{"line":58,"column":38}},"type":"binary-expr","locations":[{"start":{"line":58,"column":23},"end":{"line":58,"column":28}},{"start":{"line":58,"column":32},"end":{"line":58,"column":38}}],"line":58},"3":{"loc":{"start":{"line":71,"column":10},"end":{"line":72,"column":79}},"type":"binary-expr","locations":[{"start":{"line":71,"column":10},"end":{"line":71,"column":17}},{"start":{"line":71,"column":21},"end":{"line":72,"column":79}}],"line":71}},"s":{"0":1,"1":1,"2":1,"3":0,"4":1,"5":11,"6":11,"7":11,"8":1,"9":1,"10":11,"11":1},"f":{"0":1,"1":1,"2":0,"3":1,"4":11,"5":1,"6":1,"7":11},"b":{"0":[10,1],"1":[11,10],"2":[11,1],"3":[11,11]},"_coverageSchema":"332fd63041d2c1bcb487cc26dd0d5f7d97098a6c","hash":"5024787154159396b2832f3d658de054a196f321"}
,"/home/hugo/Documents/workspaces/react/nanodegree/reactnd-project-myreads-starter/src/components/BookList.js": {"path":"/home/hugo/Documents/workspaces/react/nanodegree/reactnd-project-myreads-starter/src/components/BookList.js","statementMap":{"0":{"start":{"line":23,"column":4},"end":{"line":34,"column":7}},"1":{"start":{"line":24,"column":28},"end":{"line":24,"column":58}},"2":{"start":{"line":25,"column":24},"end":{"line":25,"column":70}},"3":{"start":{"line":25,"column":53},"end":{"line":25,"column":69}},"4":{"start":{"line":27,"column":6},"end":{"line":30,"column":7}},"5":{"start":{"line":28,"column":8},"end":{"line":28,"column":42}},"6":{"start":{"line":29,"column":8},"end":{"line":29,"column":33}},"7":{"start":{"line":33,"column":6},"end":{"line":33,"column":57}},"8":{"start":{"line":38,"column":4},"end":{"line":42,"column":5}},"9":{"start":{"line":46,"column":50},"end":{"line":46,"column":60}},"10":{"start":{"line":47,"column":30},"end":{"line":47,"column":40}},"11":{"start":{"line":49,"column":4},"end":{"line":51,"column":5}},"12":{"start":{"line":50,"column":6},"end":{"line":50,"column":34}},"13":{"start":{"line":53,"column":4},"end":{"line":94,"column":6}},"14":{"start":{"line":62,"column":38},"end":{"line":62,"column":73}},"15":{"start":{"line":69,"column":42},"end":{"line":69,"column":75}},"16":{"start":{"line":76,"column":42},"end":{"line":76,"column":69}},"17":{"start":{"line":83,"column":42},"end":{"line":83,"column":63}}},"fnMap":{"0":{"name":"(anonymous_0)","decl":{"start":{"line":22,"column":17},"end":{"line":22,"column":18}},"loc":{"start":{"line":22,"column":27},"end":{"line":35,"column":3}},"line":22},"1":{"name":"(anonymous_1)","decl":{"start":{"line":23,"column":18},"end":{"line":23,"column":19}},"loc":{"start":{"line":23,"column":33},"end":{"line":34,"column":5}},"line":23},"2":{"name":"(anonymous_2)","decl":{"start":{"line":25,"column":48},"end":{"line":25,"column":49}},"loc":{"start":{"line":25,"column":53},"end":{"line":25,"column":69}},"line":25},"3":{"name":"(anonymous_3)","decl":{"start":{"line":37,"column":18},"end":{"line":37,"column":19}},"loc":{"start":{"line":37,"column":24},"end":{"line":43,"column":3}},"line":37},"4":{"name":"(anonymous_4)","decl":{"start":{"line":45,"column":2},"end":{"line":45,"column":3}},"loc":{"start":{"line":45,"column":11},"end":{"line":95,"column":3}},"line":45},"5":{"name":"(anonymous_5)","decl":{"start":{"line":62,"column":32},"end":{"line":62,"column":33}},"loc":{"start":{"line":62,"column":38},"end":{"line":62,"column":73}},"line":62},"6":{"name":"(anonymous_6)","decl":{"start":{"line":69,"column":34},"end":{"line":69,"column":35}},"loc":{"start":{"line":69,"column":42},"end":{"line":69,"column":75}},"line":69},"7":{"name":"(anonymous_7)","decl":{"start":{"line":76,"column":34},"end":{"line":76,"column":35}},"loc":{"start":{"line":76,"column":42},"end":{"line":76,"column":69}},"line":76},"8":{"name":"(anonymous_8)","decl":{"start":{"line":83,"column":34},"end":{"line":83,"column":35}},"loc":{"start":{"line":83,"column":42},"end":{"line":83,"column":63}},"line":83}},"branchMap":{"0":{"loc":{"start":{"line":27,"column":6},"end":{"line":30,"column":7}},"type":"if","locations":[{"start":{"line":27,"column":6},"end":{"line":30,"column":7}},{"start":{"line":27,"column":6},"end":{"line":30,"column":7}}],"line":27},"1":{"loc":{"start":{"line":49,"column":4},"end":{"line":51,"column":5}},"type":"if","locations":[{"start":{"line":49,"column":4},"end":{"line":51,"column":5}},{"start":{"line":49,"column":4},"end":{"line":51,"column":5}}],"line":49}},"s":{"0":2,"1":2,"2":2,"3":1,"4":2,"5":1,"6":1,"7":1,"8":1,"9":7,"10":7,"11":7,"12":1,"13":6,"14":0,"15":6,"16":6,"17":6},"f":{"0":2,"1":2,"2":1,"3":1,"4":7,"5":0,"6":6,"7":6,"8":6},"b":{"0":[1,1],"1":[1,6]},"_coverageSchema":"332fd63041d2c1bcb487cc26dd0d5f7d97098a6c","hash":"d351688c958fefb1be187a0ba204950991bf8e7e"}
,"/home/hugo/Documents/workspaces/react/nanodegree/reactnd-project-myreads-starter/src/components/BookSearch.js": {"path":"/home/hugo/Documents/workspaces/react/nanodegree/reactnd-project-myreads-starter/src/components/BookSearch.js","statementMap":{"0":{"start":{"line":25,"column":4},"end":{"line":25,"column":33}},"1":{"start":{"line":29,"column":4},"end":{"line":29,"column":63}},"2":{"start":{"line":31,"column":4},"end":{"line":32,"column":56}},"3":{"start":{"line":32,"column":21},"end":{"line":32,"column":54}},"4":{"start":{"line":36,"column":4},"end":{"line":47,"column":7}},"5":{"start":{"line":37,"column":28},"end":{"line":37,"column":58}},"6":{"start":{"line":38,"column":24},"end":{"line":38,"column":70}},"7":{"start":{"line":38,"column":53},"end":{"line":38,"column":69}},"8":{"start":{"line":40,"column":6},"end":{"line":43,"column":7}},"9":{"start":{"line":41,"column":8},"end":{"line":41,"column":42}},"10":{"start":{"line":42,"column":8},"end":{"line":42,"column":33}},"11":{"start":{"line":46,"column":6},"end":{"line":46,"column":57}},"12":{"start":{"line":51,"column":41},"end":{"line":51,"column":51}},"13":{"start":{"line":52,"column":30},"end":{"line":52,"column":40}},"14":{"start":{"line":54,"column":4},"end":{"line":77,"column":5}},"15":{"start":{"line":60,"column":40},"end":{"line":60,"column":75}},"16":{"start":{"line":66,"column":14},"end":{"line":72,"column":16}},"17":{"start":{"line":71,"column":50},"end":{"line":71,"column":66}},"18":{"start":{"line":81,"column":4},"end":{"line":85,"column":5}},"19":{"start":{"line":90,"column":22},"end":{"line":90,"column":32}},"20":{"start":{"line":91,"column":31},"end":{"line":91,"column":41}},"21":{"start":{"line":93,"column":4},"end":{"line":130,"column":6}},"22":{"start":{"line":115,"column":33},"end":{"line":115,"column":71}}},"fnMap":{"0":{"name":"(anonymous_0)","decl":{"start":{"line":24,"column":2},"end":{"line":24,"column":3}},"loc":{"start":{"line":24,"column":25},"end":{"line":26,"column":3}},"line":24},"1":{"name":"(anonymous_1)","decl":{"start":{"line":28,"column":18},"end":{"line":28,"column":19}},"loc":{"start":{"line":28,"column":29},"end":{"line":33,"column":3}},"line":28},"2":{"name":"(anonymous_2)","decl":{"start":{"line":32,"column":15},"end":{"line":32,"column":16}},"loc":{"start":{"line":32,"column":21},"end":{"line":32,"column":54}},"line":32},"3":{"name":"(anonymous_3)","decl":{"start":{"line":35,"column":17},"end":{"line":35,"column":18}},"loc":{"start":{"line":35,"column":27},"end":{"line":48,"column":3}},"line":35},"4":{"name":"(anonymous_4)","decl":{"start":{"line":36,"column":18},"end":{"line":36,"column":19}},"loc":{"start":{"line":36,"column":33},"end":{"line":47,"column":5}},"line":36},"5":{"name":"(anonymous_5)","decl":{"start":{"line":38,"column":48},"end":{"line":38,"column":49}},"loc":{"start":{"line":38,"column":53},"end":{"line":38,"column":69}},"line":38},"6":{"name":"(anonymous_6)","decl":{"start":{"line":50,"column":24},"end":{"line":50,"column":25}},"loc":{"start":{"line":50,"column":30},"end":{"line":78,"column":3}},"line":50},"7":{"name":"(anonymous_7)","decl":{"start":{"line":60,"column":34},"end":{"line":60,"column":35}},"loc":{"start":{"line":60,"column":40},"end":{"line":60,"column":75}},"line":60},"8":{"name":"(anonymous_8)","decl":{"start":{"line":65,"column":22},"end":{"line":65,"column":23}},"loc":{"start":{"line":66,"column":14},"end":{"line":72,"column":16}},"line":66},"9":{"name":"(anonymous_9)","decl":{"start":{"line":71,"column":45},"end":{"line":71,"column":46}},"loc":{"start":{"line":71,"column":50},"end":{"line":71,"column":66}},"line":71},"10":{"name":"(anonymous_10)","decl":{"start":{"line":80,"column":22},"end":{"line":80,"column":23}},"loc":{"start":{"line":80,"column":28},"end":{"line":86,"column":3}},"line":80},"11":{"name":"(anonymous_11)","decl":{"start":{"line":88,"column":2},"end":{"line":88,"column":3}},"loc":{"start":{"line":88,"column":11},"end":{"line":131,"column":3}},"line":88},"12":{"name":"(anonymous_12)","decl":{"start":{"line":115,"column":24},"end":{"line":115,"column":25}},"loc":{"start":{"line":115,"column":33},"end":{"line":115,"column":71}},"line":115}},"branchMap":{"0":{"loc":{"start":{"line":40,"column":6},"end":{"line":43,"column":7}},"type":"if","locations":[{"start":{"line":40,"column":6},"end":{"line":43,"column":7}},{"start":{"line":40,"column":6},"end":{"line":43,"column":7}}],"line":40},"1":{"loc":{"start":{"line":56,"column":9},"end":{"line":61,"column":12}},"type":"binary-expr","locations":[{"start":{"line":56,"column":9},"end":{"line":56,"column":25}},{"start":{"line":57,"column":10},"end":{"line":61,"column":12}}],"line":56},"2":{"loc":{"start":{"line":124,"column":12},"end":{"line":126,"column":40}},"type":"cond-expr","locations":[{"start":{"line":125,"column":14},"end":{"line":125,"column":38}},{"start":{"line":126,"column":14},"end":{"line":126,"column":40}}],"line":124},"3":{"loc":{"start":{"line":124,"column":12},"end":{"line":124,"column":58}},"type":"binary-expr","locations":[{"start":{"line":124,"column":12},"end":{"line":124,"column":30}},{"start":{"line":124,"column":34},"end":{"line":124,"column":46}},{"start":{"line":124,"column":50},"end":{"line":124,"column":58}}],"line":124}},"s":{"0":0,"1":1,"2":1,"3":1,"4":2,"5":2,"6":2,"7":1,"8":2,"9":1,"10":1,"11":1,"12":7,"13":7,"14":7,"15":0,"16":5,"17":2,"18":1,"19":8,"20":8,"21":8,"22":0},"f":{"0":0,"1":1,"2":1,"3":2,"4":2,"5":1,"6":7,"7":0,"8":5,"9":2,"10":1,"11":8,"12":0},"b":{"0":[1,1],"1":[7,5],"2":[1,7],"3":[8,3,2]},"_coverageSchema":"332fd63041d2c1bcb487cc26dd0d5f7d97098a6c","hash":"6d171135ef6bfbc3c2ec2f5acc4aeaf4c76aa03f"}
,"/home/hugo/Documents/workspaces/react/nanodegree/reactnd-project-myreads-starter/src/components/BookShelf.js": {"path":"/home/hugo/Documents/workspaces/react/nanodegree/reactnd-project-myreads-starter/src/components/BookShelf.js","statementMap":{"0":{"start":{"line":8,"column":2},"end":{"line":28,"column":4}},"1":{"start":{"line":16,"column":16},"end":{"line":22,"column":18}},"2":{"start":{"line":21,"column":52},"end":{"line":21,"column":68}},"3":{"start":{"line":31,"column":0},"end":{"line":43,"column":2}}},"fnMap":{"0":{"name":"BookShelf","decl":{"start":{"line":5,"column":9},"end":{"line":5,"column":18}},"loc":{"start":{"line":7,"column":3},"end":{"line":29,"column":1}},"line":7},"1":{"name":"(anonymous_1)","decl":{"start":{"line":15,"column":19},"end":{"line":15,"column":20}},"loc":{"start":{"line":16,"column":16},"end":{"line":22,"column":18}},"line":16},"2":{"name":"(anonymous_2)","decl":{"start":{"line":21,"column":47},"end":{"line":21,"column":48}},"loc":{"start":{"line":21,"column":52},"end":{"line":21,"column":68}},"line":21}},"branchMap":{},"s":{"0":5,"1":3,"2":1,"3":1},"f":{"0":5,"1":3,"2":1},"b":{},"_coverageSchema":"332fd63041d2c1bcb487cc26dd0d5f7d97098a6c","hash":"4d9476d544adc1eaaf6699e4489ec4de0116cd54"}
,"/home/hugo/Documents/workspaces/react/nanodegree/reactnd-project-myreads-starter/src/components/MassActionSelect.js": {"path":"/home/hugo/Documents/workspaces/react/nanodegree/reactnd-project-myreads-starter/src/components/MassActionSelect.js","statementMap":{"0":{"start":{"line":19,"column":69},"end":{"line":19,"column":79}},"1":{"start":{"line":20,"column":4},"end":{"line":20,"column":37}},"2":{"start":{"line":22,"column":4},"end":{"line":30,"column":50}},"3":{"start":{"line":22,"column":49},"end":{"line":22,"column":79}},"4":{"start":{"line":24,"column":8},"end":{"line":24,"column":29}},"5":{"start":{"line":25,"column":8},"end":{"line":25,"column":63}},"6":{"start":{"line":28,"column":8},"end":{"line":28,"column":65}},"7":{"start":{"line":34,"column":30},"end":{"line":34,"column":40}},"8":{"start":{"line":36,"column":4},"end":{"line":54,"column":6}}},"fnMap":{"0":{"name":"(anonymous_0)","decl":{"start":{"line":18,"column":13},"end":{"line":18,"column":14}},"loc":{"start":{"line":18,"column":24},"end":{"line":31,"column":3}},"line":18},"1":{"name":"(anonymous_1)","decl":{"start":{"line":22,"column":41},"end":{"line":22,"column":42}},"loc":{"start":{"line":22,"column":49},"end":{"line":22,"column":79}},"line":22},"2":{"name":"(anonymous_2)","decl":{"start":{"line":23,"column":12},"end":{"line":23,"column":13}},"loc":{"start":{"line":23,"column":18},"end":{"line":26,"column":7}},"line":23},"3":{"name":"(anonymous_3)","decl":{"start":{"line":27,"column":13},"end":{"line":27,"column":14}},"loc":{"start":{"line":27,"column":19},"end":{"line":29,"column":7}},"line":27},"4":{"name":"(anonymous_4)","decl":{"start":{"line":33,"column":2},"end":{"line":33,"column":3}},"loc":{"start":{"line":33,"column":11},"end":{"line":55,"column":3}},"line":33}},"branchMap":{},"s":{"0":1,"1":1,"2":1,"3":1,"4":1,"5":1,"6":0,"7":7,"8":7},"f":{"0":1,"1":1,"2":1,"3":0,"4":7},"b":{},"_coverageSchema":"332fd63041d2c1bcb487cc26dd0d5f7d97098a6c","hash":"ce80d18f89feb87e997a1a2c9b5752714200e8ab"}
}
