TN:
SF:/home/hugo/Documents/workspaces/react/nanodegree/reactnd-project-myreads-starter/src/App.js
FN:16,(anonymous_0)
FN:18,(anonymous_1)
FN:19,(anonymous_2)
FN:25,(anonymous_3)
FN:33,(anonymous_4)
FN:44,(anonymous_5)
FN:47,(anonymous_6)
FN:48,(anonymous_7)
FN:54,(anonymous_8)
FN:61,(anonymous_9)
FN:83,(anonymous_10)
FN:89,(anonymous_11)
FN:90,(anonymous_12)
FN:102,(anonymous_13)
FN:111,(anonymous_14)
FN:126,(anonymous_15)
FNF:16
FNH:3
FNDA:2,(anonymous_0)
FNDA:0,(anonymous_1)
FNDA:0,(anonymous_2)
FNDA:0,(anonymous_3)
FNDA:0,(anonymous_4)
FNDA:0,(anonymous_5)
FNDA:0,(anonymous_6)
FNDA:0,(anonymous_7)
FNDA:0,(anonymous_8)
FNDA:0,(anonymous_9)
FNDA:0,(anonymous_10)
FNDA:0,(anonymous_11)
FNDA:0,(anonymous_12)
FNDA:2,(anonymous_13)
FNDA:0,(anonymous_14)
FNDA:1,(anonymous_15)
DA:17,2
DA:18,0
DA:20,0
DA:21,0
DA:27,0
DA:28,0
DA:29,0
DA:32,0
DA:34,0
DA:35,0
DA:37,0
DA:39,0
DA:46,0
DA:48,0
DA:50,0
DA:51,0
DA:54,0
DA:56,0
DA:60,0
DA:61,0
DA:62,0
DA:66,0
DA:67,0
DA:68,0
DA:70,0
DA:74,0
DA:75,0
DA:78,0
DA:87,0
DA:89,0
DA:90,0
DA:92,0
DA:93,0
DA:96,0
DA:99,0
DA:104,2
DA:106,2
DA:112,0
DA:127,1
LF:39
LH:4
BRDA:27,0,0,0
BRDA:27,0,1,0
BRDA:34,1,0,0
BRDA:34,1,1,0
BRDA:60,2,0,0
BRDA:60,2,1,0
BRDA:66,3,0,0
BRDA:66,3,1,0
BRDA:67,4,0,0
BRDA:67,4,1,0
BRDA:74,5,0,0
BRDA:74,5,1,0
BRDA:92,6,0,0
BRDA:92,6,1,0
BRF:14
BRH:0
end_of_record
TN:
SF:/home/hugo/Documents/workspaces/react/nanodegree/reactnd-project-myreads-starter/src/components/Book.js
FN:11,(anonymous_0)
FN:15,(anonymous_1)
FN:17,(anonymous_2)
FN:20,(anonymous_3)
FN:23,(anonymous_4)
FN:37,(anonymous_5)
FN:59,(anonymous_6)
FN:72,(anonymous_7)
FNF:8
FNH:7
FNDA:1,(anonymous_0)
FNDA:1,(anonymous_1)
FNDA:0,(anonymous_2)
FNDA:1,(anonymous_3)
FNDA:11,(anonymous_4)
FNDA:1,(anonymous_5)
FNDA:1,(anonymous_6)
FNDA:11,(anonymous_7)
DA:12,1
DA:14,1
DA:16,1
DA:18,0
DA:20,1
DA:24,11
DA:28,11
DA:30,11
DA:37,1
DA:59,1
DA:72,11
DA:80,1
LF:12
LH:11
BRDA:50,0,0,10
BRDA:50,0,1,1
BRDA:50,1,0,11
BRDA:50,1,1,10
BRDA:58,2,0,11
BRDA:58,2,1,1
BRDA:71,3,0,11
BRDA:71,3,1,11
BRF:8
BRH:8
end_of_record
TN:
SF:/home/hugo/Documents/workspaces/react/nanodegree/reactnd-project-myreads-starter/src/components/BookList.js
FN:22,(anonymous_0)
FN:23,(anonymous_1)
FN:25,(anonymous_2)
FN:37,(anonymous_3)
FN:45,(anonymous_4)
FN:62,(anonymous_5)
FN:69,(anonymous_6)
FN:76,(anonymous_7)
FN:83,(anonymous_8)
FNF:9
FNH:8
FNDA:2,(anonymous_0)
FNDA:2,(anonymous_1)
FNDA:1,(anonymous_2)
FNDA:1,(anonymous_3)
FNDA:7,(anonymous_4)
FNDA:0,(anonymous_5)
FNDA:6,(anonymous_6)
FNDA:6,(anonymous_7)
FNDA:6,(anonymous_8)
DA:23,2
DA:24,2
DA:25,2
DA:27,2
DA:28,1
DA:29,1
DA:33,1
DA:38,1
DA:46,7
DA:47,7
DA:49,7
DA:50,1
DA:53,6
DA:62,0
DA:69,6
DA:76,6
DA:83,6
LF:17
LH:16
BRDA:27,0,0,1
BRDA:27,0,1,1
BRDA:49,1,0,1
BRDA:49,1,1,6
BRF:4
BRH:4
end_of_record
TN:
SF:/home/hugo/Documents/workspaces/react/nanodegree/reactnd-project-myreads-starter/src/components/BookSearch.js
FN:24,(anonymous_0)
FN:28,(anonymous_1)
FN:32,(anonymous_2)
FN:35,(anonymous_3)
FN:36,(anonymous_4)
FN:38,(anonymous_5)
FN:50,(anonymous_6)
FN:60,(anonymous_7)
FN:65,(anonymous_8)
FN:71,(anonymous_9)
FN:80,(anonymous_10)
FN:88,(anonymous_11)
FN:115,(anonymous_12)
FNF:13
FNH:10
FNDA:0,(anonymous_0)
FNDA:1,(anonymous_1)
FNDA:1,(anonymous_2)
FNDA:2,(anonymous_3)
FNDA:2,(anonymous_4)
FNDA:1,(anonymous_5)
FNDA:7,(anonymous_6)
FNDA:0,(anonymous_7)
FNDA:5,(anonymous_8)
FNDA:2,(anonymous_9)
FNDA:1,(anonymous_10)
FNDA:8,(anonymous_11)
FNDA:0,(anonymous_12)
DA:25,0
DA:29,1
DA:31,1
DA:32,1
DA:36,2
DA:37,2
DA:38,2
DA:40,2
DA:41,1
DA:42,1
DA:46,1
DA:51,7
DA:52,7
DA:54,7
DA:60,0
DA:66,5
DA:71,2
DA:81,1
DA:90,8
DA:91,8
DA:93,8
DA:115,0
LF:22
LH:19
BRDA:40,0,0,1
BRDA:40,0,1,1
BRDA:56,1,0,7
BRDA:56,1,1,5
BRDA:124,2,0,1
BRDA:124,2,1,7
BRDA:124,3,0,8
BRDA:124,3,1,3
BRDA:124,3,2,2
BRF:9
BRH:9
end_of_record
TN:
SF:/home/hugo/Documents/workspaces/react/nanodegree/reactnd-project-myreads-starter/src/components/BookShelf.js
FN:5,BookShelf
FN:15,(anonymous_1)
FN:21,(anonymous_2)
FNF:3
FNH:3
FNDA:5,BookShelf
FNDA:3,(anonymous_1)
FNDA:1,(anonymous_2)
DA:8,5
DA:16,3
DA:21,1
DA:31,1
LF:4
LH:4
BRF:0
BRH:0
end_of_record
TN:
SF:/home/hugo/Documents/workspaces/react/nanodegree/reactnd-project-myreads-starter/src/components/MassActionSelect.js
FN:18,(anonymous_0)
FN:22,(anonymous_1)
FN:23,(anonymous_2)
FN:27,(anonymous_3)
FN:33,(anonymous_4)
FNF:5
FNH:4
FNDA:1,(anonymous_0)
FNDA:1,(anonymous_1)
FNDA:1,(anonymous_2)
FNDA:0,(anonymous_3)
FNDA:7,(anonymous_4)
DA:19,1
DA:20,1
DA:22,1
DA:24,1
DA:25,1
DA:28,0
DA:34,7
DA:36,7
LF:8
LH:7
BRF:0
BRH:0
end_of_record
